<?xml version="1.0" encoding="UTF-8"?>
<testsuite name="com.jmvizertis.peliculas.PeliculasApplicationTests" tests="1" skipped="0" failures="0" errors="0" timestamp="2024-01-22T17:45:51" hostname="JMV" time="0.822">
  <properties/>
  <testcase name="contextLoads()" classname="com.jmvizertis.peliculas.PeliculasApplicationTests" time="0.822"/>
  <system-out><![CDATA[18:45:48.356 [Test worker] INFO org.springframework.test.context.support.AnnotationConfigContextLoaderUtils -- Could not detect default configuration classes for test class [com.jmvizertis.peliculas.PeliculasApplicationTests]: PeliculasApplicationTests does not declare any static, non-private, non-final, nested classes annotated with @Configuration.
18:45:48.465 [Test worker] INFO org.springframework.boot.test.context.SpringBootTestContextBootstrapper -- Found @SpringBootConfiguration com.jmvizertis.PeliculasApplication for test class com.jmvizertis.peliculas.PeliculasApplicationTests

  .   ____          _            __ _ _
 /\\ / ___'_ __ _ _(_)_ __  __ _ \ \ \ \
( ( )\___ | '_ | '_| | '_ \/ _` | \ \ \ \
 \\/  ___)| |_)| | | | | || (_| |  ) ) ) )
  '  |____| .__|_| |_|_| |_\__, | / / / /
 =========|_|==============|___/=/_/_/_/
 :: Spring Boot ::                (v3.2.2)

2024-01-22T18:45:48.905+01:00  INFO 26872 --- [    Test worker] c.j.peliculas.PeliculasApplicationTests  : Starting PeliculasApplicationTests using Java 17.0.10 with PID 26872 (started by javie in C:\Users\javie\Desktop\pelicula\peliculas)
2024-01-22T18:45:48.907+01:00  INFO 26872 --- [    Test worker] c.j.peliculas.PeliculasApplicationTests  : No active profile set, falling back to 1 default profile: "default"
2024-01-22T18:45:51.263+01:00  INFO 26872 --- [    Test worker] o.s.s.web.DefaultSecurityFilterChain     : Will secure any request with [org.springframework.security.web.session.DisableEncodeUrlFilter@41ece227, org.springframework.security.web.context.request.async.WebAsyncManagerIntegrationFilter@5e3d2765, org.springframework.security.web.context.SecurityContextHolderFilter@6182ffef, org.springframework.security.web.header.HeaderWriterFilter@4e2cdc51, org.springframework.web.filter.CorsFilter@7910f355, org.springframework.security.web.csrf.CsrfFilter@5df92089, org.springframework.security.web.authentication.logout.LogoutFilter@7893c715, org.springframework.security.web.authentication.UsernamePasswordAuthenticationFilter@3321291a, org.springframework.security.web.authentication.ui.DefaultLoginPageGeneratingFilter@e162a35, org.springframework.security.web.authentication.ui.DefaultLogoutPageGeneratingFilter@34ab26a, org.springframework.security.web.authentication.www.BasicAuthenticationFilter@1da745a2, org.springframework.security.web.savedrequest.RequestCacheAwareFilter@2d24cdd9, org.springframework.security.web.servletapi.SecurityContextHolderAwareRequestFilter@30dd00b6, org.springframework.security.web.authentication.AnonymousAuthenticationFilter@259195fe, org.springframework.security.web.access.ExceptionTranslationFilter@171aa66, org.springframework.security.web.access.intercept.AuthorizationFilter@5f935d49]
2024-01-22T18:45:51.336+01:00  INFO 26872 --- [    Test worker] c.j.peliculas.PeliculasApplicationTests  : Started PeliculasApplicationTests in 2.692 seconds (process running for 3.865)
]]></system-out>
  <system-err><![CDATA[]]></system-err>
</testsuite>
